<?xml version="1.0" encoding="UTF-8"?>
<testExecutions version="1">
  <file path="C:\Users\timot\Desktop\year5\ESS\0_grove_odovzdavka_najnovsia_verzia\grove\test\trie.spec.ts">
    <testCase name="Trie spec creating new instance of Trie" duration="4"/>
    <testCase name="Trie spec inserting word CACAO" duration="23"/>
  </file>
</testExecutions>